<!DOCTYPE html>

<html>
  <head>
  <title>TestNG reports</title>

    <link type="text/css" href="testng-reports.css" rel="stylesheet" />  
    <script type="text/javascript" src="jquery-1.7.1.min.js"></script>
    <script type="text/javascript" src="testng-reports.js"></script>
    <script type="text/javascript" src="https://www.google.com/jsapi"></script>
    <script type='text/javascript'>
      google.load('visualization', '1', {packages:['table']});
      google.setOnLoadCallback(drawTable);
      var suiteTableInitFunctions = new Array();
      var suiteTableData = new Array();
    </script>
    <!--
      <script type="text/javascript" src="jquery-ui/js/jquery-ui-1.8.16.custom.min.js"></script>
     -->
  </head>

  <body>
    <div class="top-banner-root">
      <span class="top-banner-title-font">Test results</span>
      <br/>
      <span class="top-banner-font-1">1 suite, 8 failed tests</span>
    </div> <!-- top-banner-root -->
    <div class="navigator-root">
      <div class="navigator-suite-header">
        <span>All suites</span>
        <a href="#" title="Collapse/expand all the suites" class="collapse-all-link">
          <img src="collapseall.gif" class="collapse-all-icon">
          </img> <!-- collapse-all-icon -->
        </a> <!-- collapse-all-link -->
      </div> <!-- navigator-suite-header -->
      <div class="suite">
        <div class="rounded-window">
          <div class="suite-header light-rounded-window-top">
            <a href="#" panel-name="suite-Jana_Automation_Process" class="navigator-link">
              <span class="suite-name border-failed">Jana Automation Process</span>
            </a> <!-- navigator-link -->
          </div> <!-- suite-header light-rounded-window-top -->
          <div class="navigator-suite-content">
            <div class="suite-section-title">
              <span>Info</span>
            </div> <!-- suite-section-title -->
            <div class="suite-section-content">
              <ul>
                <li>
                  <a href="#" panel-name="test-xml-Jana_Automation_Process" class="navigator-link ">
                    <span>D:\Workspace\Automation\JANA\framework.testing\jana\testsuite\com\EnquirySuite.xml</span>
                  </a> <!-- navigator-link  -->
                </li>
                <li>
                  <a href="#" panel-name="testlist-Jana_Automation_Process" class="navigator-link ">
                    <span class="test-stats">2 tests</span>
                  </a> <!-- navigator-link  -->
                </li>
                <li>
                  <a href="#" panel-name="group-Jana_Automation_Process" class="navigator-link ">
                    <span>0 groups</span>
                  </a> <!-- navigator-link  -->
                </li>
                <li>
                  <a href="#" panel-name="times-Jana_Automation_Process" class="navigator-link ">
                    <span>Times</span>
                  </a> <!-- navigator-link  -->
                </li>
                <li>
                  <a href="#" panel-name="reporter-Jana_Automation_Process" class="navigator-link ">
                    <span>Reporter output</span>
                  </a> <!-- navigator-link  -->
                </li>
                <li>
                  <a href="#" panel-name="ignored-methods-Jana_Automation_Process" class="navigator-link ">
                    <span>Ignored methods</span>
                  </a> <!-- navigator-link  -->
                </li>
                <li>
                  <a href="#" panel-name="chronological-Jana_Automation_Process" class="navigator-link ">
                    <span>Chronological view</span>
                  </a> <!-- navigator-link  -->
                </li>
              </ul>
            </div> <!-- suite-section-content -->
            <div class="result-section">
              <div class="suite-section-title">
                <span>Results</span>
              </div> <!-- suite-section-title -->
              <div class="suite-section-content">
                <ul>
                  <li>
                    <span class="method-stats">10 methods, 8 failed,   2 passed</span>
                  </li>
                  <li>
                    <span class="method-list-title failed">Failed methods</span>
                    <span class="show-or-hide-methods failed">
                      <a href="#" panel-name="suite-Jana_Automation_Process" class="hide-methods failed suite-Jana_Automation_Process"> (hide)</a> <!-- hide-methods failed suite-Jana_Automation_Process -->
                      <a href="#" panel-name="suite-Jana_Automation_Process" class="show-methods failed suite-Jana_Automation_Process"> (show)</a> <!-- show-methods failed suite-Jana_Automation_Process -->
                    </span>
                    <div class="method-list-content failed suite-Jana_Automation_Process">
                      <span>
                        <img src="failed.png" width="3%"/>
                        <a href="#" panel-name="suite-Jana_Automation_Process" title="jana.testcases.com.Jana_TC01_Login" class="method navigator-link" hash-for-method="LoginPageintosystem">LoginPageintosystem</a> <!-- method navigator-link -->
                      </span>
                      <br/>
                      <span>
                        <img src="failed.png" width="3%"/>
                        <a href="#" panel-name="suite-Jana_Automation_Process" title="jana.testcases.com.Jana_TC02_Customer" class="method navigator-link" hash-for-method="SearchCustomer">SearchCustomer</a> <!-- method navigator-link -->
                      </span>
                      <br/>
                      <span>
                        <img src="failed.png" width="3%"/>
                        <a href="#" panel-name="suite-Jana_Automation_Process" title="jana.testcases.com.Logout" class="method navigator-link" hash-for-method="bd_logout">bd_logout</a> <!-- method navigator-link -->
                      </span>
                      <br/>
                      <span>
                        <img src="failed.png" width="3%"/>
                        <a href="#" panel-name="suite-Jana_Automation_Process" title="jana.testcases.com.Logout" class="method navigator-link" hash-for-method="bd_logout">bd_logout</a> <!-- method navigator-link -->
                      </span>
                      <br/>
                      <span>
                        <img src="failed.png" width="3%"/>
                        <a href="#" panel-name="suite-Jana_Automation_Process" title="jana.testcases.com.Jana_TC03_Enquiry" class="method navigator-link" hash-for-method="closeEnquirybydetails">closeEnquirybydetails</a> <!-- method navigator-link -->
                      </span>
                      <br/>
                      <span>
                        <img src="failed.png" width="3%"/>
                        <a href="#" panel-name="suite-Jana_Automation_Process" title="jana.testcases.com.Jana_TC03_Enquiry" class="method navigator-link" hash-for-method="closeEnquirybydetails">closeEnquirybydetails</a> <!-- method navigator-link -->
                      </span>
                      <br/>
                      <span>
                        <img src="failed.png" width="3%"/>
                        <a href="#" panel-name="suite-Jana_Automation_Process" title="jana.testcases.com.Jana_TC03_Enquiry" class="method navigator-link" hash-for-method="createEnquiryFromCustomer360">createEnquiryFromCustomer360</a> <!-- method navigator-link -->
                      </span>
                      <br/>
                      <span>
                        <img src="failed.png" width="3%"/>
                        <a href="#" panel-name="suite-Jana_Automation_Process" title="jana.testcases.com.Jana_TC03_Enquiry" class="method navigator-link" hash-for-method="createEnquiryFromHolding">createEnquiryFromHolding</a> <!-- method navigator-link -->
                      </span>
                      <br/>
                    </div> <!-- method-list-content failed suite-Jana_Automation_Process -->
                  </li>
                  <li>
                    <span class="method-list-title passed">Passed methods</span>
                    <span class="show-or-hide-methods passed">
                      <a href="#" panel-name="suite-Jana_Automation_Process" class="hide-methods passed suite-Jana_Automation_Process"> (hide)</a> <!-- hide-methods passed suite-Jana_Automation_Process -->
                      <a href="#" panel-name="suite-Jana_Automation_Process" class="show-methods passed suite-Jana_Automation_Process"> (show)</a> <!-- show-methods passed suite-Jana_Automation_Process -->
                    </span>
                    <div class="method-list-content passed suite-Jana_Automation_Process">
                      <span>
                        <img src="passed.png" width="3%"/>
                        <a href="#" panel-name="suite-Jana_Automation_Process" title="jana.testcases.com.Jana_TC01_Login" class="method navigator-link" hash-for-method="LoginPageintosystem">LoginPageintosystem</a> <!-- method navigator-link -->
                      </span>
                      <br/>
                      <span>
                        <img src="passed.png" width="3%"/>
                        <a href="#" panel-name="suite-Jana_Automation_Process" title="jana.testcases.com.Jana_TC04_Account" class="method navigator-link" hash-for-method="SearchAccountByNumber">SearchAccountByNumber</a> <!-- method navigator-link -->
                      </span>
                      <br/>
                    </div> <!-- method-list-content passed suite-Jana_Automation_Process -->
                  </li>
                </ul>
              </div> <!-- suite-section-content -->
            </div> <!-- result-section -->
          </div> <!-- navigator-suite-content -->
        </div> <!-- rounded-window -->
      </div> <!-- suite -->
    </div> <!-- navigator-root -->
    <div class="wrapper">
      <div class="main-panel-root">
        <div panel-name="suite-Jana_Automation_Process" class="panel Jana_Automation_Process">
          <div class="suite-Jana_Automation_Process-class-failed">
            <div class="main-panel-header rounded-window-top">
              <img src="failed.png"/>
              <span class="class-name">jana.testcases.com.Jana_TC03_Enquiry</span>
            </div> <!-- main-panel-header rounded-window-top -->
            <div class="main-panel-content rounded-window-bottom">
              <div class="method">
                <div class="method-content">
                  <a name="closeEnquirybydetails">
                  </a> <!-- closeEnquirybydetails -->
                  <span class="method-name">closeEnquirybydetails</span>
                  <div class="stack-trace">org.openqa.selenium.NoSuchWindowException: no such window: target window already closed
from unknown error: web view not found
  (Session info: chrome=108.0.5359.99)
Build info: version: &apos;4.1.1&apos;, revision: &apos;e8fcc2cecf&apos;
System info: host: &apos;ISHANTK-SAG&apos;, ip: &apos;172.16.24.139&apos;, os.name: &apos;Windows 11&apos;, os.arch: &apos;amd64&apos;, os.version: &apos;10.0&apos;, java.version: &apos;17.0.4.1&apos;
Driver info: org.openqa.selenium.chrome.ChromeDriver
Command: [132ea928317f1768a8949ac4498e05bd, findElement {using=xpath, value=//div[@id=&apos;object-action-button&apos;]/a[3]/span/i}]
Capabilities {acceptInsecureCerts: false, browserName: chrome, browserVersion: 108.0.5359.99, chrome: {chromedriverVersion: 107.0.5304.62 (1eec40d3a576..., userDataDir: C:\Users\ISHANT~1\AppData\L...}, goog:chromeOptions: {debuggerAddress: localhost:64531}, javascriptEnabled: true, networkConnectionEnabled: false, pageLoadStrategy: normal, platform: WINDOWS, platformName: WINDOWS, proxy: Proxy(), se:cdp: ws://localhost:64531/devtoo..., se:cdpVersion: 108.0.5359.99, setWindowRect: true, strictFileInteractability: false, timeouts: {implicit: 0, pageLoad: 300000, script: 30000}, unhandledPromptBehavior: dismiss and notify, webauthn:extension:credBlob: true, webauthn:extension:largeBlob: true, webauthn:virtualAuthenticators: true}
Session ID: 132ea928317f1768a8949ac4498e05bd
	at org.openqa.selenium.remote.codec.w3c.W3CHttpResponseCodec.createException(W3CHttpResponseCodec.java:200)
	at org.openqa.selenium.remote.codec.w3c.W3CHttpResponseCodec.decode(W3CHttpResponseCodec.java:133)
	at org.openqa.selenium.remote.codec.w3c.W3CHttpResponseCodec.decode(W3CHttpResponseCodec.java:53)
	at org.openqa.selenium.remote.HttpCommandExecutor.execute(HttpCommandExecutor.java:184)
	at org.openqa.selenium.remote.service.DriverCommandExecutor.invokeExecute(DriverCommandExecutor.java:167)
	at org.openqa.selenium.remote.service.DriverCommandExecutor.execute(DriverCommandExecutor.java:142)
	at org.openqa.selenium.remote.RemoteWebDriver.execute(RemoteWebDriver.java:543)
	at org.openqa.selenium.remote.ElementLocation$ElementFinder$2.findElement(ElementLocation.java:162)
	at org.openqa.selenium.remote.ElementLocation.findElement(ElementLocation.java:60)
	at org.openqa.selenium.remote.RemoteWebDriver.findElement(RemoteWebDriver.java:367)
	at org.openqa.selenium.remote.RemoteWebDriver.findElement(RemoteWebDriver.java:359)
	at org.openqa.selenium.support.pagefactory.DefaultElementLocator.findElement(DefaultElementLocator.java:70)
	at org.openqa.selenium.support.pagefactory.internal.LocatingElementHandler.invoke(LocatingElementHandler.java:39)
	at jdk.proxy2/jdk.proxy2.$Proxy16.isDisplayed(Unknown Source)
	at jana.testcases.com.Jana_TC03_Enquiry.closeEnquirybydetails(Jana_TC03_Enquiry.java:130)
... Removed 29 stack frames
</div> <!-- stack-trace -->
                </div> <!-- method-content -->
              </div> <!-- method -->
              <div class="method">
                <div class="method-content">
                  <a name="closeEnquirybydetails">
                  </a> <!-- closeEnquirybydetails -->
                  <span class="method-name">closeEnquirybydetails</span>
                  <div class="stack-trace">org.openqa.selenium.NoSuchWindowException: no such window: target window already closed
from unknown error: web view not found
  (Session info: chrome=108.0.5359.99)
Build info: version: &apos;4.1.1&apos;, revision: &apos;e8fcc2cecf&apos;
System info: host: &apos;ISHANTK-SAG&apos;, ip: &apos;172.16.24.139&apos;, os.name: &apos;Windows 11&apos;, os.arch: &apos;amd64&apos;, os.version: &apos;10.0&apos;, java.version: &apos;17.0.4.1&apos;
Driver info: org.openqa.selenium.chrome.ChromeDriver
Command: [132ea928317f1768a8949ac4498e05bd, findElement {using=xpath, value=//div[@id=&apos;object-action-button&apos;]/a[3]/span/i}]
Capabilities {acceptInsecureCerts: false, browserName: chrome, browserVersion: 108.0.5359.99, chrome: {chromedriverVersion: 107.0.5304.62 (1eec40d3a576..., userDataDir: C:\Users\ISHANT~1\AppData\L...}, goog:chromeOptions: {debuggerAddress: localhost:64531}, javascriptEnabled: true, networkConnectionEnabled: false, pageLoadStrategy: normal, platform: WINDOWS, platformName: WINDOWS, proxy: Proxy(), se:cdp: ws://localhost:64531/devtoo..., se:cdpVersion: 108.0.5359.99, setWindowRect: true, strictFileInteractability: false, timeouts: {implicit: 0, pageLoad: 300000, script: 30000}, unhandledPromptBehavior: dismiss and notify, webauthn:extension:credBlob: true, webauthn:extension:largeBlob: true, webauthn:virtualAuthenticators: true}
Session ID: 132ea928317f1768a8949ac4498e05bd
	at org.openqa.selenium.remote.codec.w3c.W3CHttpResponseCodec.createException(W3CHttpResponseCodec.java:200)
	at org.openqa.selenium.remote.codec.w3c.W3CHttpResponseCodec.decode(W3CHttpResponseCodec.java:133)
	at org.openqa.selenium.remote.codec.w3c.W3CHttpResponseCodec.decode(W3CHttpResponseCodec.java:53)
	at org.openqa.selenium.remote.HttpCommandExecutor.execute(HttpCommandExecutor.java:184)
	at org.openqa.selenium.remote.service.DriverCommandExecutor.invokeExecute(DriverCommandExecutor.java:167)
	at org.openqa.selenium.remote.service.DriverCommandExecutor.execute(DriverCommandExecutor.java:142)
	at org.openqa.selenium.remote.RemoteWebDriver.execute(RemoteWebDriver.java:543)
	at org.openqa.selenium.remote.ElementLocation$ElementFinder$2.findElement(ElementLocation.java:162)
	at org.openqa.selenium.remote.ElementLocation.findElement(ElementLocation.java:60)
	at org.openqa.selenium.remote.RemoteWebDriver.findElement(RemoteWebDriver.java:367)
	at org.openqa.selenium.remote.RemoteWebDriver.findElement(RemoteWebDriver.java:359)
	at org.openqa.selenium.support.pagefactory.DefaultElementLocator.findElement(DefaultElementLocator.java:70)
	at org.openqa.selenium.support.pagefactory.internal.LocatingElementHandler.invoke(LocatingElementHandler.java:39)
	at jdk.proxy2/jdk.proxy2.$Proxy16.isDisplayed(Unknown Source)
	at jana.testcases.com.Jana_TC03_Enquiry.closeEnquirybydetails(Jana_TC03_Enquiry.java:130)
... Removed 28 stack frames
</div> <!-- stack-trace -->
                </div> <!-- method-content -->
              </div> <!-- method -->
              <div class="method">
                <div class="method-content">
                  <a name="createEnquiryFromCustomer360">
                  </a> <!-- createEnquiryFromCustomer360 -->
                  <span class="method-name">createEnquiryFromCustomer360</span>
                  <div class="stack-trace">org.openqa.selenium.NoSuchWindowException: no such window: target window already closed
from unknown error: web view not found
  (Session info: chrome=108.0.5359.99)
Build info: version: &apos;4.1.1&apos;, revision: &apos;e8fcc2cecf&apos;
System info: host: &apos;ISHANTK-SAG&apos;, ip: &apos;172.16.24.139&apos;, os.name: &apos;Windows 11&apos;, os.arch: &apos;amd64&apos;, os.version: &apos;10.0&apos;, java.version: &apos;17.0.4.1&apos;
Driver info: org.openqa.selenium.chrome.ChromeDriver
Command: [132ea928317f1768a8949ac4498e05bd, executeScript {script=window.scrollBy(0,3000), args=[]}]
Capabilities {acceptInsecureCerts: false, browserName: chrome, browserVersion: 108.0.5359.99, chrome: {chromedriverVersion: 107.0.5304.62 (1eec40d3a576..., userDataDir: C:\Users\ISHANT~1\AppData\L...}, goog:chromeOptions: {debuggerAddress: localhost:64531}, javascriptEnabled: true, networkConnectionEnabled: false, pageLoadStrategy: normal, platform: WINDOWS, platformName: WINDOWS, proxy: Proxy(), se:cdp: ws://localhost:64531/devtoo..., se:cdpVersion: 108.0.5359.99, setWindowRect: true, strictFileInteractability: false, timeouts: {implicit: 0, pageLoad: 300000, script: 30000}, unhandledPromptBehavior: dismiss and notify, webauthn:extension:credBlob: true, webauthn:extension:largeBlob: true, webauthn:virtualAuthenticators: true}
Session ID: 132ea928317f1768a8949ac4498e05bd
	at org.openqa.selenium.remote.codec.w3c.W3CHttpResponseCodec.createException(W3CHttpResponseCodec.java:200)
	at org.openqa.selenium.remote.codec.w3c.W3CHttpResponseCodec.decode(W3CHttpResponseCodec.java:133)
	at org.openqa.selenium.remote.codec.w3c.W3CHttpResponseCodec.decode(W3CHttpResponseCodec.java:53)
	at org.openqa.selenium.remote.HttpCommandExecutor.execute(HttpCommandExecutor.java:184)
	at org.openqa.selenium.remote.service.DriverCommandExecutor.invokeExecute(DriverCommandExecutor.java:167)
	at org.openqa.selenium.remote.service.DriverCommandExecutor.execute(DriverCommandExecutor.java:142)
	at org.openqa.selenium.remote.RemoteWebDriver.execute(RemoteWebDriver.java:543)
	at org.openqa.selenium.remote.RemoteWebDriver.executeScript(RemoteWebDriver.java:477)
	at jana.connection.com.CommonMethods.scrolldown(CommonMethods.java:74)
	at jana.testcases.com.Jana_TC03_Enquiry.createEnquiryFromCustomer360(Jana_TC03_Enquiry.java:94)
... Removed 28 stack frames
</div> <!-- stack-trace -->
                </div> <!-- method-content -->
              </div> <!-- method -->
              <div class="method">
                <div class="method-content">
                  <a name="createEnquiryFromHolding">
                  </a> <!-- createEnquiryFromHolding -->
                  <span class="method-name">createEnquiryFromHolding</span>
                  <div class="stack-trace">org.openqa.selenium.NoSuchElementException: Unable to find element with locator By.xpath: //div[@id=&apos;object-action-button&apos;]/a[2]/span/i
For documentation on this error, please visit: https://selenium.dev/exceptions/#no_such_element
Build info: version: &apos;4.1.1&apos;, revision: &apos;e8fcc2cecf&apos;
System info: host: &apos;ISHANTK-SAG&apos;, ip: &apos;172.16.24.139&apos;, os.name: &apos;Windows 11&apos;, os.arch: &apos;amd64&apos;, os.version: &apos;10.0&apos;, java.version: &apos;17.0.4.1&apos;
Driver info: driver.version: RemoteWebDriver
	at org.openqa.selenium.remote.ElementLocation$ElementFinder$2.findElement(ElementLocation.java:165)
	at org.openqa.selenium.remote.ElementLocation.findElement(ElementLocation.java:60)
	at org.openqa.selenium.remote.RemoteWebDriver.findElement(RemoteWebDriver.java:367)
	at org.openqa.selenium.remote.RemoteWebDriver.findElement(RemoteWebDriver.java:359)
	at org.openqa.selenium.support.pagefactory.DefaultElementLocator.findElement(DefaultElementLocator.java:70)
	at org.openqa.selenium.support.pagefactory.internal.LocatingElementHandler.invoke(LocatingElementHandler.java:39)
	at jdk.proxy2/jdk.proxy2.$Proxy16.click(Unknown Source)
	at jana.appmethods.com.EnuiryMethods.openEnquiryCreationfromAccount(EnuiryMethods.java:140)
	at jana.testcases.com.Jana_TC03_Enquiry.createEnquiryFromHolding(Jana_TC03_Enquiry.java:139)
... Removed 24 stack frames
</div> <!-- stack-trace -->
                </div> <!-- method-content -->
              </div> <!-- method -->
            </div> <!-- main-panel-content rounded-window-bottom -->
          </div> <!-- suite-Jana_Automation_Process-class-failed -->
          <div class="suite-Jana_Automation_Process-class-failed">
            <div class="main-panel-header rounded-window-top">
              <img src="failed.png"/>
              <span class="class-name">jana.testcases.com.Jana_TC02_Customer</span>
            </div> <!-- main-panel-header rounded-window-top -->
            <div class="main-panel-content rounded-window-bottom">
              <div class="method">
                <div class="method-content">
                  <a name="SearchCustomer">
                  </a> <!-- SearchCustomer -->
                  <span class="method-name">SearchCustomer</span>
                  <div class="stack-trace">org.openqa.selenium.NoSuchWindowException: no such window: target window already closed
from unknown error: web view not found
  (Session info: chrome=108.0.5359.99)
Build info: version: &apos;4.1.1&apos;, revision: &apos;e8fcc2cecf&apos;
System info: host: &apos;ISHANTK-SAG&apos;, ip: &apos;172.16.24.139&apos;, os.name: &apos;Windows 11&apos;, os.arch: &apos;amd64&apos;, os.version: &apos;10.0&apos;, java.version: &apos;17.0.4.1&apos;
Driver info: org.openqa.selenium.chrome.ChromeDriver
Command: [132ea928317f1768a8949ac4498e05bd, findElement {using=xpath, value=//li[2]/div/div/a}]
Capabilities {acceptInsecureCerts: false, browserName: chrome, browserVersion: 108.0.5359.99, chrome: {chromedriverVersion: 107.0.5304.62 (1eec40d3a576..., userDataDir: C:\Users\ISHANT~1\AppData\L...}, goog:chromeOptions: {debuggerAddress: localhost:64531}, javascriptEnabled: true, networkConnectionEnabled: false, pageLoadStrategy: normal, platform: WINDOWS, platformName: WINDOWS, proxy: Proxy(), se:cdp: ws://localhost:64531/devtoo..., se:cdpVersion: 108.0.5359.99, setWindowRect: true, strictFileInteractability: false, timeouts: {implicit: 0, pageLoad: 300000, script: 30000}, unhandledPromptBehavior: dismiss and notify, webauthn:extension:credBlob: true, webauthn:extension:largeBlob: true, webauthn:virtualAuthenticators: true}
Session ID: 132ea928317f1768a8949ac4498e05bd
	at org.openqa.selenium.remote.codec.w3c.W3CHttpResponseCodec.createException(W3CHttpResponseCodec.java:200)
	at org.openqa.selenium.remote.codec.w3c.W3CHttpResponseCodec.decode(W3CHttpResponseCodec.java:133)
	at org.openqa.selenium.remote.codec.w3c.W3CHttpResponseCodec.decode(W3CHttpResponseCodec.java:53)
	at org.openqa.selenium.remote.HttpCommandExecutor.execute(HttpCommandExecutor.java:184)
	at org.openqa.selenium.remote.service.DriverCommandExecutor.invokeExecute(DriverCommandExecutor.java:167)
	at org.openqa.selenium.remote.service.DriverCommandExecutor.execute(DriverCommandExecutor.java:142)
	at org.openqa.selenium.remote.RemoteWebDriver.execute(RemoteWebDriver.java:543)
	at org.openqa.selenium.remote.ElementLocation$ElementFinder$2.findElement(ElementLocation.java:162)
	at org.openqa.selenium.remote.ElementLocation.findElement(ElementLocation.java:60)
	at org.openqa.selenium.remote.RemoteWebDriver.findElement(RemoteWebDriver.java:367)
	at org.openqa.selenium.remote.RemoteWebDriver.findElement(RemoteWebDriver.java:359)
	at org.openqa.selenium.support.pagefactory.DefaultElementLocator.findElement(DefaultElementLocator.java:70)
	at org.openqa.selenium.support.pagefactory.internal.LocatingElementHandler.invoke(LocatingElementHandler.java:39)
	at jdk.proxy2/jdk.proxy2.$Proxy16.toString(Unknown Source)
	at java.base/java.lang.String.valueOf(String.java:4218)
	at java.base/java.lang.StringBuilder.append(StringBuilder.java:173)
	at org.openqa.selenium.support.ui.ExpectedConditions$10.toString(ExpectedConditions.java:298)
	at java.base/java.lang.String.valueOf(String.java:4218)
	at java.base/java.lang.StringBuilder.append(StringBuilder.java:173)
	at org.openqa.selenium.support.ui.FluentWait.until(FluentWait.java:229)
	at jana.connection.com.CommonMethods.waitforelement(CommonMethods.java:176)
	at jana.appmethods.com.CustomerMethods.openCustomerSearch(CustomerMethods.java:20)
	at jana.testcases.com.Jana_TC02_Customer.SearchCustomer(Jana_TC02_Customer.java:30)
... Removed 28 stack frames
</div> <!-- stack-trace -->
                </div> <!-- method-content -->
              </div> <!-- method -->
            </div> <!-- main-panel-content rounded-window-bottom -->
          </div> <!-- suite-Jana_Automation_Process-class-failed -->
          <div class="suite-Jana_Automation_Process-class-failed">
            <div class="main-panel-header rounded-window-top">
              <img src="failed.png"/>
              <span class="class-name">jana.testcases.com.Logout</span>
            </div> <!-- main-panel-header rounded-window-top -->
            <div class="main-panel-content rounded-window-bottom">
              <div class="method">
                <div class="method-content">
                  <a name="bd_logout">
                  </a> <!-- bd_logout -->
                  <span class="method-name">bd_logout</span>
                  <div class="stack-trace">java.lang.NullPointerException: Cannot invoke &quot;org.openqa.selenium.WebElement.click()&quot; because &quot;jana.pom.com.Logout.profileicon&quot; is null
	at jana.appmethods.com.LogoutMethods.ClickProfile(LogoutMethods.java:14)
	at jana.testcases.com.Logout.bd_logout(Logout.java:14)
... Removed 24 stack frames
</div> <!-- stack-trace -->
                </div> <!-- method-content -->
              </div> <!-- method -->
              <div class="method">
                <div class="method-content">
                  <a name="bd_logout">
                  </a> <!-- bd_logout -->
                  <span class="method-name">bd_logout</span>
                  <div class="stack-trace">java.lang.NullPointerException: Cannot invoke &quot;org.openqa.selenium.WebElement.click()&quot; because &quot;jana.pom.com.Logout.profileicon&quot; is null
	at jana.appmethods.com.LogoutMethods.ClickProfile(LogoutMethods.java:14)
	at jana.testcases.com.Logout.bd_logout(Logout.java:14)
... Removed 24 stack frames
</div> <!-- stack-trace -->
                </div> <!-- method-content -->
              </div> <!-- method -->
            </div> <!-- main-panel-content rounded-window-bottom -->
          </div> <!-- suite-Jana_Automation_Process-class-failed -->
          <div class="suite-Jana_Automation_Process-class-failed">
            <div class="main-panel-header rounded-window-top">
              <img src="failed.png"/>
              <span class="class-name">jana.testcases.com.Jana_TC01_Login</span>
            </div> <!-- main-panel-header rounded-window-top -->
            <div class="main-panel-content rounded-window-bottom">
              <div class="method">
                <div class="method-content">
                  <a name="LoginPageintosystem">
                  </a> <!-- LoginPageintosystem -->
                  <span class="method-name">LoginPageintosystem</span>
                  <div class="stack-trace">org.openqa.selenium.NoSuchWindowException: no such window: target window already closed
from unknown error: web view not found
  (Session info: chrome=108.0.5359.99)
Build info: version: &apos;4.1.1&apos;, revision: &apos;e8fcc2cecf&apos;
System info: host: &apos;ISHANTK-SAG&apos;, ip: &apos;172.16.24.139&apos;, os.name: &apos;Windows 11&apos;, os.arch: &apos;amd64&apos;, os.version: &apos;10.0&apos;, java.version: &apos;17.0.4.1&apos;
Driver info: org.openqa.selenium.chrome.ChromeDriver
Command: [132ea928317f1768a8949ac4498e05bd, findElement {using=id, value=TxtName}]
Capabilities {acceptInsecureCerts: false, browserName: chrome, browserVersion: 108.0.5359.99, chrome: {chromedriverVersion: 107.0.5304.62 (1eec40d3a576..., userDataDir: C:\Users\ISHANT~1\AppData\L...}, goog:chromeOptions: {debuggerAddress: localhost:64531}, javascriptEnabled: true, networkConnectionEnabled: false, pageLoadStrategy: normal, platform: WINDOWS, platformName: WINDOWS, proxy: Proxy(), se:cdp: ws://localhost:64531/devtoo..., se:cdpVersion: 108.0.5359.99, setWindowRect: true, strictFileInteractability: false, timeouts: {implicit: 0, pageLoad: 300000, script: 30000}, unhandledPromptBehavior: dismiss and notify, webauthn:extension:credBlob: true, webauthn:extension:largeBlob: true, webauthn:virtualAuthenticators: true}
Session ID: 132ea928317f1768a8949ac4498e05bd
	at org.openqa.selenium.remote.codec.w3c.W3CHttpResponseCodec.createException(W3CHttpResponseCodec.java:200)
	at org.openqa.selenium.remote.codec.w3c.W3CHttpResponseCodec.decode(W3CHttpResponseCodec.java:133)
	at org.openqa.selenium.remote.codec.w3c.W3CHttpResponseCodec.decode(W3CHttpResponseCodec.java:53)
	at org.openqa.selenium.remote.HttpCommandExecutor.execute(HttpCommandExecutor.java:184)
	at org.openqa.selenium.remote.service.DriverCommandExecutor.invokeExecute(DriverCommandExecutor.java:167)
	at org.openqa.selenium.remote.service.DriverCommandExecutor.execute(DriverCommandExecutor.java:142)
	at org.openqa.selenium.remote.RemoteWebDriver.execute(RemoteWebDriver.java:543)
	at org.openqa.selenium.remote.ElementLocation$ElementFinder$2.findElement(ElementLocation.java:162)
	at org.openqa.selenium.remote.ElementLocation.findElement(ElementLocation.java:60)
	at org.openqa.selenium.remote.RemoteWebDriver.findElement(RemoteWebDriver.java:367)
	at org.openqa.selenium.remote.RemoteWebDriver.findElement(RemoteWebDriver.java:359)
	at org.openqa.selenium.support.pagefactory.DefaultElementLocator.findElement(DefaultElementLocator.java:70)
	at org.openqa.selenium.support.pagefactory.internal.LocatingElementHandler.invoke(LocatingElementHandler.java:39)
	at jdk.proxy2/jdk.proxy2.$Proxy16.isDisplayed(Unknown Source)
	at jana.testcases.com.Jana_TC01_Login.LoginPageintosystem(Jana_TC01_Login.java:26)
... Removed 29 stack frames
</div> <!-- stack-trace -->
                </div> <!-- method-content -->
              </div> <!-- method -->
            </div> <!-- main-panel-content rounded-window-bottom -->
          </div> <!-- suite-Jana_Automation_Process-class-failed -->
          <div class="suite-Jana_Automation_Process-class-passed">
            <div class="main-panel-header rounded-window-top">
              <img src="passed.png"/>
              <span class="class-name">jana.testcases.com.Jana_TC04_Account</span>
            </div> <!-- main-panel-header rounded-window-top -->
            <div class="main-panel-content rounded-window-bottom">
              <div class="method">
                <div class="method-content">
                  <a name="SearchAccountByNumber">
                  </a> <!-- SearchAccountByNumber -->
                  <span class="method-name">SearchAccountByNumber</span>
                </div> <!-- method-content -->
              </div> <!-- method -->
            </div> <!-- main-panel-content rounded-window-bottom -->
          </div> <!-- suite-Jana_Automation_Process-class-passed -->
          <div class="suite-Jana_Automation_Process-class-passed">
            <div class="main-panel-header rounded-window-top">
              <img src="passed.png"/>
              <span class="class-name">jana.testcases.com.Jana_TC01_Login</span>
            </div> <!-- main-panel-header rounded-window-top -->
            <div class="main-panel-content rounded-window-bottom">
              <div class="method">
                <div class="method-content">
                  <a name="LoginPageintosystem">
                  </a> <!-- LoginPageintosystem -->
                  <span class="method-name">LoginPageintosystem</span>
                </div> <!-- method-content -->
              </div> <!-- method -->
            </div> <!-- main-panel-content rounded-window-bottom -->
          </div> <!-- suite-Jana_Automation_Process-class-passed -->
        </div> <!-- panel Jana_Automation_Process -->
        <div panel-name="test-xml-Jana_Automation_Process" class="panel">
          <div class="main-panel-header rounded-window-top">
            <span class="header-content">D:\Workspace\Automation\JANA\framework.testing\jana\testsuite\com\EnquirySuite.xml</span>
          </div> <!-- main-panel-header rounded-window-top -->
          <div class="main-panel-content rounded-window-bottom">
            <pre>
&lt;?xml version=&quot;1.0&quot; encoding=&quot;UTF-8&quot;?&gt;
&lt;!DOCTYPE suite SYSTEM &quot;http://testng.org/testng-1.0.dtd&quot;&gt;
&lt;suite parallel=&quot;none&quot; name=&quot;Jana Automation Process&quot;&gt;
  &lt;listeners&gt;
    &lt;listener class-name=&quot;org.uncommons.reportng.HTMLReporter&quot;/&gt;
    &lt;listener class-name=&quot;org.uncommons.reportng.JUnitXMLReporter&quot;/&gt;
  &lt;/listeners&gt;
  &lt;test name=&quot;TS01:- Search and Create Enquiry from  Accounts&quot;&gt;
    &lt;classes&gt;
      &lt;class name=&quot;jana.testcases.com.Jana_TC01_Login&quot;&gt;
        &lt;methods&gt;
          &lt;include name=&quot;LoginPageintosystem&quot;/&gt;
        &lt;/methods&gt;
      &lt;/class&gt; &lt;!-- jana.testcases.com.Jana_TC01_Login --&gt;
      &lt;class name=&quot;jana.testcases.com.Jana_TC04_Account&quot;&gt;
        &lt;methods&gt;
          &lt;include name=&quot;SearchAccountByNumber&quot;/&gt;
        &lt;/methods&gt;
      &lt;/class&gt; &lt;!-- jana.testcases.com.Jana_TC04_Account --&gt;
      &lt;class name=&quot;jana.testcases.com.Jana_TC03_Enquiry&quot;&gt;
        &lt;methods&gt;
          &lt;include name=&quot;createEnquiryFromHolding&quot;/&gt;
          &lt;include name=&quot;closeEnquirybydetails&quot;/&gt;
        &lt;/methods&gt;
      &lt;/class&gt; &lt;!-- jana.testcases.com.Jana_TC03_Enquiry --&gt;
      &lt;class name=&quot;jana.testcases.com.Logout&quot;&gt;
        &lt;methods&gt;
          &lt;include name=&quot;Logout&quot;/&gt;
        &lt;/methods&gt;
      &lt;/class&gt; &lt;!-- jana.testcases.com.Logout --&gt;
    &lt;/classes&gt;
  &lt;/test&gt; &lt;!-- TS01:- Search and Create Enquiry from  Accounts --&gt;
  &lt;test name=&quot;TS01:- Search and Create Enquiry from Customer&quot;&gt;
    &lt;classes&gt;
      &lt;class name=&quot;jana.testcases.com.Jana_TC01_Login&quot;&gt;
        &lt;methods&gt;
          &lt;include name=&quot;LoginPageintosystem&quot;/&gt;
        &lt;/methods&gt;
      &lt;/class&gt; &lt;!-- jana.testcases.com.Jana_TC01_Login --&gt;
      &lt;class name=&quot;jana.testcases.com.Jana_TC02_Customer&quot;&gt;
        &lt;methods&gt;
          &lt;include name=&quot;SearchCustomer&quot;/&gt;
        &lt;/methods&gt;
      &lt;/class&gt; &lt;!-- jana.testcases.com.Jana_TC02_Customer --&gt;
      &lt;class name=&quot;jana.testcases.com.Jana_TC03_Enquiry&quot;&gt;
        &lt;methods&gt;
          &lt;include name=&quot;createEnquiryFromCustomer360&quot;/&gt;
          &lt;include name=&quot;closeEnquirybydetails&quot;/&gt;
        &lt;/methods&gt;
      &lt;/class&gt; &lt;!-- jana.testcases.com.Jana_TC03_Enquiry --&gt;
      &lt;class name=&quot;jana.testcases.com.Logout&quot;&gt;
        &lt;methods&gt;
          &lt;include name=&quot;Logout&quot;/&gt;
        &lt;/methods&gt;
      &lt;/class&gt; &lt;!-- jana.testcases.com.Logout --&gt;
    &lt;/classes&gt;
  &lt;/test&gt; &lt;!-- TS01:- Search and Create Enquiry from Customer --&gt;
&lt;/suite&gt; &lt;!-- Jana Automation Process --&gt;
            </pre>
          </div> <!-- main-panel-content rounded-window-bottom -->
        </div> <!-- panel -->
        <div panel-name="testlist-Jana_Automation_Process" class="panel">
          <div class="main-panel-header rounded-window-top">
            <span class="header-content">Tests for Jana Automation Process</span>
          </div> <!-- main-panel-header rounded-window-top -->
          <div class="main-panel-content rounded-window-bottom">
            <ul>
              <li>
                <span class="test-name">TS01:- Search and Create Enquiry from  Accounts (4 classes)</span>
              </li>
              <li>
                <span class="test-name">TS01:- Search and Create Enquiry from Customer (4 classes)</span>
              </li>
            </ul>
          </div> <!-- main-panel-content rounded-window-bottom -->
        </div> <!-- panel -->
        <div panel-name="group-Jana_Automation_Process" class="panel">
          <div class="main-panel-header rounded-window-top">
            <span class="header-content">Groups for Jana Automation Process</span>
          </div> <!-- main-panel-header rounded-window-top -->
          <div class="main-panel-content rounded-window-bottom">
          </div> <!-- main-panel-content rounded-window-bottom -->
        </div> <!-- panel -->
        <div panel-name="times-Jana_Automation_Process" class="panel">
          <div class="main-panel-header rounded-window-top">
            <span class="header-content">Times for Jana Automation Process</span>
          </div> <!-- main-panel-header rounded-window-top -->
          <div class="main-panel-content rounded-window-bottom">
            <div class="times-div">
              <script type="text/javascript">
suiteTableInitFunctions.push('tableData_Jana_Automation_Process');
function tableData_Jana_Automation_Process() {
var data = new google.visualization.DataTable();
data.addColumn('number', 'Number');
data.addColumn('string', 'Method');
data.addColumn('string', 'Class');
data.addColumn('number', 'Time (ms)');
data.addRows(10);
data.setCell(0, 0, 0)
data.setCell(0, 1, 'createEnquiryFromHolding')
data.setCell(0, 2, 'jana.testcases.com.Jana_TC03_Enquiry')
data.setCell(0, 3, 128478);
data.setCell(1, 0, 1)
data.setCell(1, 1, 'SearchCustomer')
data.setCell(1, 2, 'jana.testcases.com.Jana_TC02_Customer')
data.setCell(1, 3, 60129);
data.setCell(2, 0, 2)
data.setCell(2, 1, 'LoginPageintosystem')
data.setCell(2, 2, 'jana.testcases.com.Jana_TC01_Login')
data.setCell(2, 3, 5298);
data.setCell(3, 0, 3)
data.setCell(3, 1, 'SearchAccountByNumber')
data.setCell(3, 2, 'jana.testcases.com.Jana_TC04_Account')
data.setCell(3, 3, 2657);
data.setCell(4, 0, 4)
data.setCell(4, 1, 'closeEnquirybydetails')
data.setCell(4, 2, 'jana.testcases.com.Jana_TC03_Enquiry')
data.setCell(4, 3, 22);
data.setCell(5, 0, 5)
data.setCell(5, 1, 'LoginPageintosystem')
data.setCell(5, 2, 'jana.testcases.com.Jana_TC01_Login')
data.setCell(5, 3, 19);
data.setCell(6, 0, 6)
data.setCell(6, 1, 'closeEnquirybydetails')
data.setCell(6, 2, 'jana.testcases.com.Jana_TC03_Enquiry')
data.setCell(6, 3, 5);
data.setCell(7, 0, 7)
data.setCell(7, 1, 'bd_logout')
data.setCell(7, 2, 'jana.testcases.com.Logout')
data.setCell(7, 3, 4);
data.setCell(8, 0, 8)
data.setCell(8, 1, 'createEnquiryFromCustomer360')
data.setCell(8, 2, 'jana.testcases.com.Jana_TC03_Enquiry')
data.setCell(8, 3, 4);
data.setCell(9, 0, 9)
data.setCell(9, 1, 'bd_logout')
data.setCell(9, 2, 'jana.testcases.com.Logout')
data.setCell(9, 3, 0);
window.suiteTableData['Jana_Automation_Process']= { tableData: data, tableDiv: 'times-div-Jana_Automation_Process'}
return data;
}
              </script>
              <span class="suite-total-time">Total running time: 3 minutes</span>
              <div id="times-div-Jana_Automation_Process">
              </div> <!-- times-div-Jana_Automation_Process -->
            </div> <!-- times-div -->
          </div> <!-- main-panel-content rounded-window-bottom -->
        </div> <!-- panel -->
        <div panel-name="reporter-Jana_Automation_Process" class="panel">
          <div class="main-panel-header rounded-window-top">
            <span class="header-content">Reporter output for Jana Automation Process</span>
          </div> <!-- main-panel-header rounded-window-top -->
          <div class="main-panel-content rounded-window-bottom">
          </div> <!-- main-panel-content rounded-window-bottom -->
        </div> <!-- panel -->
        <div panel-name="ignored-methods-Jana_Automation_Process" class="panel">
          <div class="main-panel-header rounded-window-top">
            <span class="header-content">13 ignored methods</span>
          </div> <!-- main-panel-header rounded-window-top -->
          <div class="main-panel-content rounded-window-bottom">
            <div class="ignored-class-div">
              <span class="ignored-class-name">jana.testcases.com.Jana_TC03_Enquiry</span>
              <div class="ignored-methods-div">
                <span class="ignored-method-name">createEnquiryFromHolding</span>
                <br/>
                <span class="ignored-method-name">createEnquiryFromCustomer360</span>
                <br/>
                <span class="ignored-method-name">openenquirypage</span>
                <br/>
                <span class="ignored-method-name">openenquirypage</span>
                <br/>
                <span class="ignored-method-name">createNewEnquiry</span>
                <br/>
                <span class="ignored-method-name">createNewEnquiry</span>
                <br/>
              </div> <!-- ignored-methods-div -->
            </div> <!-- ignored-class-div -->
            <div class="ignored-class-div">
              <span class="ignored-class-name">jana.testcases.com.Jana_TC04_Account</span>
              <div class="ignored-methods-div">
                <span class="ignored-method-name">launchBrowser</span>
                <br/>
              </div> <!-- ignored-methods-div -->
            </div> <!-- ignored-class-div -->
            <div class="ignored-class-div">
              <span class="ignored-class-name">jana.testcases.com.Jana_TC02_Customer</span>
              <div class="ignored-methods-div">
                <span class="ignored-method-name">clickontabs</span>
                <br/>
                <span class="ignored-method-name">launchBrowser</span>
                <br/>
              </div> <!-- ignored-methods-div -->
            </div> <!-- ignored-class-div -->
            <div class="ignored-class-div">
              <span class="ignored-class-name">jana.testcases.com.Logout</span>
              <div class="ignored-methods-div">
                <span class="ignored-method-name">launchBrowser</span>
                <br/>
                <span class="ignored-method-name">launchBrowser</span>
                <br/>
              </div> <!-- ignored-methods-div -->
            </div> <!-- ignored-class-div -->
            <div class="ignored-class-div">
              <span class="ignored-class-name">jana.testcases.com.Jana_TC01_Login</span>
              <div class="ignored-methods-div">
                <span class="ignored-method-name">launchBrowser</span>
                <br/>
                <span class="ignored-method-name">launchBrowser</span>
                <br/>
              </div> <!-- ignored-methods-div -->
            </div> <!-- ignored-class-div -->
          </div> <!-- main-panel-content rounded-window-bottom -->
        </div> <!-- panel -->
        <div panel-name="chronological-Jana_Automation_Process" class="panel">
          <div class="main-panel-header rounded-window-top">
            <span class="header-content">Methods in chronological order</span>
          </div> <!-- main-panel-header rounded-window-top -->
          <div class="main-panel-content rounded-window-bottom">
            <div class="chronological-class">
              <div class="chronological-class-name">jana.testcases.com.Jana_TC03_Enquiry</div> <!-- chronological-class-name -->
              <div class="configuration-suite before">
                <span class="method-name">launchBrowser</span>
                <span class="method-start">0 ms</span>
              </div> <!-- configuration-suite before -->
            </div> <!-- chronological-class -->
            <div class="chronological-class">
              <div class="chronological-class-name">jana.testcases.com.Jana_TC01_Login</div> <!-- chronological-class-name -->
              <div class="test-method">
                <span class="method-name">LoginPageintosystem</span>
                <span class="method-start">6496 ms</span>
              </div> <!-- test-method -->
            </div> <!-- chronological-class -->
            <div class="chronological-class">
              <div class="chronological-class-name">jana.testcases.com.Jana_TC04_Account</div> <!-- chronological-class-name -->
              <div class="test-method">
                <span class="method-name">SearchAccountByNumber</span>
                <span class="method-start">11801 ms</span>
              </div> <!-- test-method -->
            </div> <!-- chronological-class -->
            <div class="chronological-class">
              <div class="chronological-class-name">jana.testcases.com.Jana_TC03_Enquiry</div> <!-- chronological-class-name -->
              <div class="test-method">
                <img src="failed.png">
                </img>
                <span class="method-name">createEnquiryFromHolding</span>
                <span class="method-start">14460 ms</span>
              </div> <!-- test-method -->
              <div class="test-method">
                <img src="failed.png">
                </img>
                <span class="method-name">closeEnquirybydetails</span>
                <span class="method-start">142948 ms</span>
              </div> <!-- test-method -->
            </div> <!-- chronological-class -->
            <div class="chronological-class">
              <div class="chronological-class-name">jana.testcases.com.Logout</div> <!-- chronological-class-name -->
              <div class="test-method">
                <img src="failed.png">
                </img>
                <span class="method-name">bd_logout</span>
                <span class="method-start">142973 ms</span>
              </div> <!-- test-method -->
            </div> <!-- chronological-class -->
            <div class="chronological-class">
              <div class="chronological-class-name">jana.testcases.com.Jana_TC01_Login</div> <!-- chronological-class-name -->
              <div class="test-method">
                <img src="failed.png">
                </img>
                <span class="method-name">LoginPageintosystem</span>
                <span class="method-start">143017 ms</span>
              </div> <!-- test-method -->
            </div> <!-- chronological-class -->
            <div class="chronological-class">
              <div class="chronological-class-name">jana.testcases.com.Jana_TC02_Customer</div> <!-- chronological-class-name -->
              <div class="test-method">
                <img src="failed.png">
                </img>
                <span class="method-name">SearchCustomer</span>
                <span class="method-start">143038 ms</span>
              </div> <!-- test-method -->
            </div> <!-- chronological-class -->
            <div class="chronological-class">
              <div class="chronological-class-name">jana.testcases.com.Jana_TC03_Enquiry</div> <!-- chronological-class-name -->
              <div class="test-method">
                <img src="failed.png">
                </img>
                <span class="method-name">createEnquiryFromCustomer360</span>
                <span class="method-start">203169 ms</span>
              </div> <!-- test-method -->
              <div class="test-method">
                <img src="failed.png">
                </img>
                <span class="method-name">closeEnquirybydetails</span>
                <span class="method-start">203174 ms</span>
              </div> <!-- test-method -->
            </div> <!-- chronological-class -->
            <div class="chronological-class">
              <div class="chronological-class-name">jana.testcases.com.Logout</div> <!-- chronological-class-name -->
              <div class="test-method">
                <img src="failed.png">
                </img>
                <span class="method-name">bd_logout</span>
                <span class="method-start">203180 ms</span>
              </div> <!-- test-method -->
          </div> <!-- main-panel-content rounded-window-bottom -->
        </div> <!-- panel -->
      </div> <!-- main-panel-root -->
    </div> <!-- wrapper -->
  </body>
</html>
